<?xml version="1.0" encoding="UTF-8"?>
<!-- Generated by org.testng.reporters.JUnitXMLReporter -->
<testsuite hostname="DELL-L4N91MT" ignored="0" name="Test6" tests="5" failures="0" timestamp="2021-04-17T09:22:32 IST" time="56.605" errors="0">
  <testcase name="runScenario" time="48.463" classname="io.cucumber.testng.AbstractTestNGCucumberTests"/>
  <testcase name="runScenario" time="1.597" classname="io.cucumber.testng.AbstractTestNGCucumberTests"/>
  <testcase name="runScenario" time="1.962" classname="io.cucumber.testng.AbstractTestNGCucumberTests"/>
  <testcase name="runScenario" time="0.06" classname="io.cucumber.testng.AbstractTestNGCucumberTests"/>
  <testcase name="runScenario" time="2.044" classname="io.cucumber.testng.AbstractTestNGCucumberTests"/>
</testsuite> <!-- Test6 -->
