<?xml version="1.0" encoding="UTF-8"?>
<!-- Generated by org.testng.reporters.JUnitXMLReporter -->
<testsuite hostname="DELL-L4N91MT" ignored="0" name="Test1" tests="3" failures="0" timestamp="2021-04-17T09:52:28 IST" time="41.865" errors="0">
  <testcase name="runScenario" time="24.467" classname="io.cucumber.testng.AbstractTestNGCucumberTests"/>
  <testcase name="runScenario" time="4.767" classname="io.cucumber.testng.AbstractTestNGCucumberTests"/>
  <testcase name="runScenario" time="6.909" classname="io.cucumber.testng.AbstractTestNGCucumberTests"/>
</testsuite> <!-- Test1 -->
