<?xml version="1.0" encoding="UTF-8"?>
<!-- Generated by org.testng.reporters.JUnitXMLReporter -->
<testsuite hostname="DELL-L4N91MT" ignored="0" name="Test5" tests="6" failures="0" timestamp="2021-04-17T09:21:36 IST" time="61.638" errors="0">
  <testcase name="runScenario" time="41.573" classname="io.cucumber.testng.AbstractTestNGCucumberTests"/>
  <testcase name="runScenario" time="2.397" classname="io.cucumber.testng.AbstractTestNGCucumberTests"/>
  <testcase name="runScenario" time="2.598" classname="io.cucumber.testng.AbstractTestNGCucumberTests"/>
  <testcase name="runScenario" time="1.723" classname="io.cucumber.testng.AbstractTestNGCucumberTests"/>
  <testcase name="runScenario" time="7.181" classname="io.cucumber.testng.AbstractTestNGCucumberTests"/>
  <testcase name="runScenario" time="3.57" classname="io.cucumber.testng.AbstractTestNGCucumberTests"/>
</testsuite> <!-- Test5 -->
